<?xml version="1.0" encoding="UTF-8"?>
<!-- Generated by org.testng.reporters.JUnitXMLReporter -->
<testsuite ignored="0" hostname="WL307180" failures="0" tests="6" name="Login Test ch" time="8.411" errors="0" timestamp="2020-07-03T16:39:19 IST">
  <testcase classname="com.tieto.base.WebDriverWrapper" name="@BeforeMethod init" time="7.104">
    <failure type="java.lang.NullPointerException" message="null value in entry: url=null">
      <![CDATA[java.lang.NullPointerException: null value in entry: url=null
at com.google.common.collect.CollectPreconditions.checkEntryNotNull(CollectPreconditions.java:32)
at com.google.common.collect.SingletonImmutableBiMap.<init>(SingletonImmutableBiMap.java:42)
at com.google.common.collect.ImmutableBiMap.of(ImmutableBiMap.java:72)
at com.google.common.collect.ImmutableMap.of(ImmutableMap.java:124)
at org.openqa.selenium.remote.RemoteWebDriver.get(RemoteWebDriver.java:277)
at com.tieto.base.WebDriverWrapper.init(WebDriverWrapper.java:33)
at java.base/java.util.ArrayList.forEach(ArrayList.java:1510)
... Removed 35 stack frames]]>
    </failure>
  </testcase> <!-- @BeforeMethod init -->
  <testcase classname="com.tieto.base.WebDriverWrapper" name="@AfterMethod end" time="-1.593774558188E9">
    <skipped/>
  </testcase> <!-- @AfterMethod end -->
  <testcase classname="com.tieto.base.WebDriverWrapper" name="@BeforeMethod init" time="-1.593774559401E9">
    <skipped/>
  </testcase> <!-- @BeforeMethod init -->
  <testcase classname="com.tieto.base.WebDriverWrapper" name="@AfterMethod end" time="-1.593774559403E9">
    <skipped/>
  </testcase> <!-- @AfterMethod end -->
  <testcase classname="com.tieto.base.WebDriverWrapper" name="@BeforeMethod init" time="-1.593774559404E9">
    <skipped/>
  </testcase> <!-- @BeforeMethod init -->
  <testcase classname="com.tieto.base.WebDriverWrapper" name="@AfterMethod end" time="-1.593774559406E9">
    <skipped/>
  </testcase> <!-- @AfterMethod end -->
  <testcase classname="com.tieto.base.WebDriverWrapper" name="@BeforeMethod init" time="-1.593774559407E9">
    <skipped/>
  </testcase> <!-- @BeforeMethod init -->
  <testcase classname="com.tieto.base.WebDriverWrapper" name="@AfterMethod end" time="-1.593774559408E9">
    <skipped/>
  </testcase> <!-- @AfterMethod end -->
  <testcase classname="com.tieto.base.WebDriverWrapper" name="@BeforeMethod init" time="-1.593774559412E9">
    <skipped/>
  </testcase> <!-- @BeforeMethod init -->
  <testcase classname="com.tieto.base.WebDriverWrapper" name="@AfterMethod end" time="-1.593774559413E9">
    <skipped/>
  </testcase> <!-- @AfterMethod end -->
  <testcase classname="com.tieto.base.WebDriverWrapper" name="@BeforeMethod init" time="-1.593774559414E9">
    <skipped/>
  </testcase> <!-- @BeforeMethod init -->
  <testcase classname="com.tieto.base.WebDriverWrapper" name="@AfterMethod end" time="-1.593774559415E9">
    <skipped/>
  </testcase> <!-- @AfterMethod end -->
  <testcase classname="com.tieto.test.LoginTest" name="checkLinkCountTest" time="0.0">
    <skipped/>
  </testcase> <!-- checkLinkCountTest -->
  <testcase classname="com.tieto.test.LoginTest" name="validCredentialTest" time="0.0">
    <skipped/>
  </testcase> <!-- validCredentialTest -->
  <testcase classname="com.tieto.test.LoginTest" name="validCredentialTest" time="0.0">
    <skipped/>
  </testcase> <!-- validCredentialTest -->
  <testcase classname="com.tieto.test.LoginTest" name="validCredentialTest" time="0.001">
    <skipped/>
  </testcase> <!-- validCredentialTest -->
  <testcase classname="com.tieto.test.LoginTest" name="invalidCredentialTest" time="0.0">
    <skipped/>
  </testcase> <!-- invalidCredentialTest -->
  <testcase classname="com.tieto.test.LoginTest" name="invalidCredentialTest" time="0.0">
    <skipped/>
  </testcase> <!-- invalidCredentialTest -->
</testsuite> <!-- Login Test ch -->
